<?xml version="1.0" encoding="UTF-8" ?>
<testsuite tests="1" failures="1" name="com.college.StudentTest" time="0.591" errors="0" skipped="0">
  <properties>
[...]
</properties>
  <testcase classname="com.college.StudentTest" name="getAll" time="0.591">
    <failure message="[]: Expected 2 values but got 3" type="java.lang.AssertionError">java.lang.AssertionError: []: Expected 2 values but got 3
	at org.skyscreamer.jsonassert.JSONAssert.assertEquals(JSONAssert.java:726)
	at org.skyscreamer.jsonassert.JSONAssert.assertEquals(JSONAssert.java:651)
	at com.college.StudentTest.getAll(StudentTest.java:56)
	at sun.reflect.NativeMethodAccessorImpl.invoke0(Native Method)
	at sun.reflect.NativeMethodAccessorImpl.invoke(NativeMethodAccessorImpl.java:62)
	at sun.reflect.DelegatingMethodAccessorImpl.invoke(DelegatingMethodAccessorImpl.java:43)
	at java.lang.reflect.Method.invoke(Method.java:498)
	at org.junit.runners.model.FrameworkMethod$1.runReflectiveCall(FrameworkMethod.java:50)
	at org.junit.internal.runners.model.ReflectiveCallable.run(ReflectiveCallable.java:12)
	at org.junit.runners.model.FrameworkMethod.invokeExplosively(FrameworkMethod.java:47)
	at org.junit.internal.runners.statements.InvokeMethod.evaluate(InvokeMethod.java:17)
	at org.junit.runners.ParentRunner.runLeaf(ParentRunner.java:325)
	at org.junit.runners.BlockJUnit4ClassRunner.runChild(BlockJUnit4ClassRunner.java:78)
	at org.junit.runners.BlockJUnit4ClassRunner.runChild(BlockJUnit4ClassRunner.java:57)
	at org.junit.runners.ParentRunner$3.run(ParentRunner.java:290)
	at org.junit.runners.ParentRunner$1.schedule(ParentRunner.java:71)
	at org.junit.runners.ParentRunner.runChildren(ParentRunner.java:288)
	at org.junit.runners.ParentRunner.access$000(ParentRunner.java:58)
	at org.junit.runners.ParentRunner$2.evaluate(ParentRunner.java:268)
	at org.junit.runners.ParentRunner.run(ParentRunner.java:363)
	at org.apache.maven.surefire.junit4.JUnit4Provider.execute(JUnit4Provider.java:252)
	at org.apache.maven.surefire.junit4.JUnit4Provider.executeTestSet(JUnit4Provider.java:141)
	at org.apache.maven.surefire.junit4.JUnit4Provider.invoke(JUnit4Provider.java:112)
	at sun.reflect.NativeMethodAccessorImpl.invoke0(Native Method)
	at sun.reflect.NativeMethodAccessorImpl.invoke(NativeMethodAccessorImpl.java:62)
	at sun.reflect.DelegatingMethodAccessorImpl.invoke(DelegatingMethodAccessorImpl.java:43)
	at java.lang.reflect.Method.invoke(Method.java:498)
	at org.apache.maven.surefire.util.ReflectionUtils.invokeMethodWithArray(ReflectionUtils.java:189)
	at org.apache.maven.surefire.booter.ProviderFactory$ProviderProxy.invoke(ProviderFactory.java:165)
	at org.apache.maven.surefire.booter.ProviderFactory.invokeProvider(ProviderFactory.java:85)
	at org.apache.maven.surefire.booter.ForkedBooter.runSuitesInProcess(ForkedBooter.java:115)
	at org.apache.maven.surefire.booter.ForkedBooter.main(ForkedBooter.java:75)
</failure>
    <system-out>[{&quot;name&quot;:&quot;sneha&quot;,&quot;roll&quot;:&quot;2014255&quot;,&quot;branch&quot;:&quot;ECE&quot;,&quot;phone&quot;:[&quot;9492082312&quot;]},{&quot;name&quot;:&quot;shobab&quot;,&quot;roll&quot;:&quot;2014064&quot;,&quot;branch&quot;:&quot;CSE&quot;,&quot;phone&quot;:[&quot;7587528959&quot;,&quot;9182384752&quot;]},{&quot;name&quot;:&quot;shiva&quot;,&quot;roll&quot;:&quot;2014230&quot;,&quot;branch&quot;:&quot;ME&quot;,&quot;phone&quot;:[&quot;9407492892&quot;,&quot;8978068880&quot;]}]
</system-out>
  </testcase>
</testsuite>